<?xml version="1.0" encoding="UTF-8" standalone="no"?><Transaction xmlns:xsd="http://www.w3.org/2001/XMLSchema" xmlns:xsi="http://www.w3.org/2001/XMLSchema-instance" Version="15.4.1.7"><TransactionAttributes><ContextItem><Name>Description</Name><Description>Transaction Description</Description><MinRange>0</MinRange><MaxRange>0</MaxRange><Value xsi:type="string"/><ReadOnly>true</ReadOnly><AlertXMLAssigned>false</AlertXMLAssigned></ContextItem><ContextItem><Name>Comments</Name><Description>User Comments</Description><MinRange>0</MinRange><MaxRange>0</MaxRange><Value xsi:type="string"/><ReadOnly>true</ReadOnly><AlertXMLAssigned>false</AlertXMLAssigned></ContextItem><ContextItem><Name>CreatedBy</Name><Description>Created By</Description><MinRange>0</MinRange><MaxRange>0</MaxRange><Value xsi:type="string">PAMPASU1</Value><ReadOnly>true</ReadOnly><AlertXMLAssigned>false</AlertXMLAssigned></ContextItem><ContextItem><Name>CreationDate</Name><Description>Creation Date</Description><MinRange>0</MinRange><MaxRange>0</MaxRange><Value xsi:type="dateTime">2022-06-24T19:55:31</Value><ReadOnly>true</ReadOnly><AlertXMLAssigned>false</AlertXMLAssigned></ContextItem><ContextItem><Name>Category</Name><Description>Transaction Category</Description><MinRange>0</MinRange><MaxRange>0</MaxRange><Value xsi:type="string"/><ReadOnly>true</ReadOnly><AlertXMLAssigned>false</AlertXMLAssigned></ContextItem><ContextItem><Name>Status</Name><Description>Deployment Status</Description><MinRange>0</MinRange><MaxRange>0</MaxRange><Value xsi:type="string">DEVELOPMENT</Value><ReadOnly>true</ReadOnly><AlertXMLAssigned>false</AlertXMLAssigned></ContextItem><ContextItem><Name>LegacyProcessingMode</Name><Description>Support the pre MII 12.1 Transaction Engine.</Description><MinRange>0</MinRange><MaxRange>0</MaxRange><Value xsi:type="boolean">0</Value><ReadOnly>true</ReadOnly><AlertXMLAssigned>false</AlertXMLAssigned></ContextItem><ContextItem><Name>AutoAppendBlankNamespaces</Name><Description>AutoAppendBlankNamespaces</Description><MinRange>0</MinRange><MaxRange>0</MaxRange><Value xsi:type="boolean">1</Value><ReadOnly>true</ReadOnly><AlertXMLAssigned>false</AlertXMLAssigned></ContextItem><ContextItem><Name>ThrowOnLinkError</Name><Description>Throws an exception when a link error occures</Description><MinRange>0</MinRange><MaxRange>0</MaxRange><Value xsi:type="boolean">0</Value><ReadOnly>true</ReadOnly><AlertXMLAssigned>false</AlertXMLAssigned></ContextItem><ContextItem><Name>ThrowOnActionError</Name><Description>Throws an exception when an action error occurs</Description><MinRange>0</MinRange><MaxRange>0</MaxRange><Value xsi:type="boolean">1</Value><ReadOnly>true</ReadOnly><AlertXMLAssigned>false</AlertXMLAssigned></ContextItem><ContextItem><Name>FormatXMLOnConversion</Name><Description>By default XML will be formatted when assigned from XML data type to String data type. This behaviour can be changed with this flag.</Description><MinRange>0</MinRange><MaxRange>0</MaxRange><Value xsi:type="boolean">1</Value><ReadOnly>true</ReadOnly><AlertXMLAssigned>false</AlertXMLAssigned></ContextItem><ContextItem><Name>LastEditedBy</Name><Description>Last Edited By</Description><MinRange>0</MinRange><MaxRange>0</MaxRange><Value xsi:type="xsd:string">PAMPASU1</Value><ReadOnly>true</ReadOnly><AlertXMLAssigned>false</AlertXMLAssigned></ContextItem><ContextItem><Name>LastEditedDate</Name><Description>Last Edited Date</Description><MinRange>0</MinRange><MaxRange>0</MaxRange><Value xsi:type="xsd:dateTime">2022-06-24T20:23:28</Value><ReadOnly>true</ReadOnly><AlertXMLAssigned>false</AlertXMLAssigned></ContextItem></TransactionAttributes><Name>Default/commons/MDO/ReadFileList</Name><Version>13</Version><WriterRoles>SAP_XMII_Super_Administrator,SAP_XMII_Administrator,SAP_XMII_Developer</WriterRoles><Context><ContextItem><Name>outputXML</Name><Description/><MinRange>0</MinRange><MaxRange>0</MaxRange><Value xsi:type="xml"><ReferenceDocumentSource/></Value><SchemaURI/><SchemaElement/><ValidateXMLOnExecution>1</ValidateXMLOnExecution><ReadOnly>true</ReadOnly><AlertXMLAssigned>false</AlertXMLAssigned></ContextItem><ContextItem><Name>webService</Name><Description/><MinRange>0</MinRange><MaxRange>0</MaxRange><Value xsi:type="string">https://qamiius01.alcon.net/XMII/Catalog?Mode=ListFolders&amp;IllumLoginName=PAMPASU1&amp;IllumLoginPassword=Manju@0422</Value><ReadOnly>false</ReadOnly><AlertXMLAssigned>false</AlertXMLAssigned></ContextItem></Context><Local/><Layout><GUILayoutItem><Name>Sequence_0</Name><X>80</X><Y>8</Y><Width>120</Width><SpacingWidth>264</SpacingWidth><DescendantWidth>264</DescendantWidth><Height>96</Height></GUILayoutItem><GUILayoutItem><Name>Exception_Enabler_0</Name><X>88</X><Y>24</Y><Width>104</Width><SpacingWidth>0</SpacingWidth><DescendantWidth>0</DescendantWidth><Height>72</Height></GUILayoutItem><GUILayoutItem><Name>CopyOfSequence</Name><X>8</X><Y>144</Y><Width>120</Width><SpacingWidth>120</SpacingWidth><DescendantWidth>0</DescendantWidth><Height>96</Height></GUILayoutItem><GUILayoutItem><Name>HTTP_Post_0</Name><X>16</X><Y>160</Y><Width>104</Width><SpacingWidth>0</SpacingWidth><DescendantWidth>0</DescendantWidth><Height>72</Height></GUILayoutItem><GUILayoutItem><Name>Sequence_1</Name><X>152</X><Y>144</Y><Width>120</Width><SpacingWidth>120</SpacingWidth><DescendantWidth>120</DescendantWidth><Height>96</Height></GUILayoutItem><GUILayoutItem><Name>Catch_0</Name><X>160</X><Y>160</Y><Width>104</Width><SpacingWidth>0</SpacingWidth><DescendantWidth>0</DescendantWidth><Height>72</Height></GUILayoutItem><GUILayoutItem><Name>Sequence_2</Name><X>152</X><Y>280</Y><Width>120</Width><SpacingWidth>120</SpacingWidth><DescendantWidth>0</DescendantWidth><Height>96</Height></GUILayoutItem><GUILayoutItem><Name>Assignment_0</Name><X>160</X><Y>296</Y><Width>104</Width><SpacingWidth>0</SpacingWidth><DescendantWidth>0</DescendantWidth><Height>72</Height></GUILayoutItem></Layout><Actions><ContextItem><Name>Exception_Enabler_0</Name><Description/><MinRange>0</MinRange><MaxRange>0</MaxRange><Value xsi:type="ExceptionEnabler"><EnableActionExceptions>true</EnableActionExceptions><EnableLinkExceptions>true</EnableLinkExceptions></Value><ReadOnly>false</ReadOnly><AlertXMLAssigned>false</AlertXMLAssigned></ContextItem><ContextItem><Name>HTTP_Post_0</Name><Description/><MinRange>0</MinRange><MaxRange>0</MaxRange><Value xsi:type="Post"><URL/><ContentType>application/x-www-form-urlencoded</ContentType><Encoding>UTF-8</Encoding><Timeout>60</Timeout><ConnectTimeout>60</ConnectTimeout><CredentialAlias/><UserName/><UserPassword/><PostData/><RequestProperties/><KeystoreName/><CertificateName/><UseDestinationService>false</UseDestinationService><HTTPDestination/><isPiPost>false</isPiPost><ConvertToXML>true</ConvertToXML><AutoEncode>true</AutoEncode><Cookies/><AuthenticationType>Basic Authentication</AuthenticationType><OauthUrl/><DaysRetention>7</DaysRetention><MaxRetryCount>5</MaxRetryCount><RetryInterval>30000</RetryInterval><ProcessingMode>0</ProcessingMode><Filter/><DataBufferComment/><RetryImmediately>false</RetryImmediately></Value><ReadOnly>false</ReadOnly><AlertXMLAssigned>false</AlertXMLAssigned></ContextItem><ContextItem><Name>Catch_0</Name><Description/><MinRange>0</MinRange><MaxRange>0</MaxRange><Value xsi:type="CatchAction"/><ReadOnly>false</ReadOnly><AlertXMLAssigned>false</AlertXMLAssigned></ContextItem><ContextItem><Name>Assignment_0</Name><Description/><MinRange>0</MinRange><MaxRange>0</MaxRange><Value xsi:type="Assignment"/><ReadOnly>false</ReadOnly><AlertXMLAssigned>false</AlertXMLAssigned></ContextItem></Actions><ReaderRoles>SAP_XMII_Super_Administrator,SAP_XMII_Administrator,SAP_XMII_Developer,SAP_XMII_User</ReaderRoles><Steps><Step xsi:type="ActionSequence"><Name>Sequence_0</Name><Description/><Steps><Step xsi:type="ActionSequence"><Name>CopyOfSequence</Name><Description/><Steps/><Actions><Action><Name>HTTP_Post_0</Name><Description> </Description><Expiration>Sequence_1</Expiration><IncomingLinks><Assign xsi:type="Assign"><Name/><Description/><To>HTTP_Post_0.URL</To><From>Transaction.webService</From></Assign><Assign xsi:type="Assign"><Name/><Description/><To>HTTP_Post_0.ConvertToXML</To><From>true</From></Assign></IncomingLinks><OutgoingLinks><Assign xsi:type="AssignXml"><Name/><Description/><To>Transaction.outputXML</To><From>HTTP_Post_0.ReturnAsXML</From></Assign></OutgoingLinks></Action></Actions></Step><Step xsi:type="Catch"><Name>Sequence_1</Name><Description/><Steps><Step xsi:type="ActionSequence"><Name>Sequence_2</Name><Description/><Steps/><Actions><Action><Name>Assignment_0</Name><Description> </Description><Expiration/><IncomingLinks/><OutgoingLinks><Assign xsi:type="Assign"><Name/><Description/><To>Transaction.outputXML</To><From>"ERROR"</From></Assign></OutgoingLinks></Action></Actions></Step></Steps><Actions><Action><Name>Catch_0</Name><Description>Catches an exception</Description><Expiration>Sequence_2</Expiration><IncomingLinks/><OutgoingLinks/></Action></Actions></Step></Steps><Actions><Action><Name>Exception_Enabler_0</Name><Description>Enables exceptions.</Description><Expiration>CopyOfSequence</Expiration><IncomingLinks/><OutgoingLinks/></Action></Actions></Step></Steps></Transaction>